#
# A fatal error has been detected by the Java Runtime Environment:
#
#  EXCEPTION_ACCESS_VIOLATION (0xc0000005) at pc=0x00007fff32b2ba34, pid=1404, tid=0x0000000000003b08
#
# JRE version: Java(TM) SE Runtime Environment (8.0_171-b11) (build 1.8.0_171-b11)
# Java VM: Java HotSpot(TM) 64-Bit Server VM (25.171-b11 mixed mode windows-amd64 compressed oops)
# Problematic frame:
# C  [nvoglv64.dll+0xa3ba34]
#
# Failed to write core dump. Minidumps are not enabled by default on client versions of Windows
#
# If you would like to submit a bug report, please visit:
#   http://bugreport.java.com/bugreport/crash.jsp
# The crash happened outside the Java Virtual Machine in native code.
# See problematic frame for where to report the bug.
#

---------------  T H R E A D  ---------------

Current thread (0x0000000002499000):  JavaThread "main" [_thread_in_native, id=15112, stack(0x0000000002360000,0x0000000002460000)]

siginfo: ExceptionCode=0xc0000005, reading address 0x0000000000000000

Registers:
RAX=0x0000000000000005, RBX=0x0000000000000000, RCX=0x000000000000000a, RDX=0x00010091b5107841
RSP=0x000000000245f0b0, RBP=0x0000000000000005, RSI=0x0000000000000001, RDI=0x0000000000000006
R8 =0x00000000000000ad, R9 =0x0000000000000000, R10=0x0000000000000006, R11=0x000000006735c460
R12=0x0000000000001405, R13=0x0000000020b091c8, R14=0x0000000000000004, R15=0x0000000020b03080
RIP=0x00007fff32b2ba34, EFLAGS=0x0000000000010246

Top of Stack: (sp=0x000000000245f0b0)
0x000000000245f0b0:   0000000000000000 000000000245f198
0x000000000245f0c0:   3c23d70a41a00000 00000000027591c6
0x000000000245f0d0:   00000000322fd190 000000000245f158
0x000000000245f0e0:   000000001ddf9cf0 0000000000002540
0x000000000245f0f0:   0000000000000000 000000001ddf9cf0
0x000000000245f100:   000000000245f170 0000000000000006
0x000000000245f110:   0000000002499000 0000000000000000
0x000000000245f120:   0000000000001405 0000000000000004
0x000000000245f130:   0000000020b03080 000000000245f268
0x000000000245f140:   0000000000000000 00007fff327a8266
0x000000000245f150:   0000000000000005 0000000000000004
0x000000000245f160:   0000000000000000 0000000700000000
0x000000000245f170:   0000000000000006 0000000000000018
0x000000000245f180:   0000000000000000 0000000000000000
0x000000000245f190:   0000000000000000 000000000245f1f8
0x000000000245f1a0:   00000000323176d0 0000000000000000 

Instructions: (pc=0x00007fff32b2ba34)
0x00007fff32b2ba14:   ff 41 81 fc 05 14 00 00 75 29 48 8b 9c 24 d0 00
0x00007fff32b2ba24:   00 00 8d 6f ff 48 63 c5 48 89 84 24 a0 00 00 00
0x00007fff32b2ba34:   8b 0b 8b 04 83 3b c8 44 8b f0 44 0f 47 f1 0f 42
0x00007fff32b2ba44:   c1 eb 7e 41 81 fc 03 14 00 00 75 34 48 8b 9c 24 


Register to memory mapping:

RAX=0x0000000000000005 is an unknown value
RBX=0x0000000000000000 is an unknown value
RCX=0x000000000000000a is an unknown value
RDX=0x00010091b5107841 is an unknown value
RSP=0x000000000245f0b0 is pointing into the stack for thread: 0x0000000002499000
RBP=0x0000000000000005 is an unknown value
RSI=0x0000000000000001 is an unknown value
RDI=0x0000000000000006 is an unknown value
R8 =0x00000000000000ad is an unknown value
R9 =0x0000000000000000 is an unknown value
R10=0x0000000000000006 is an unknown value
R11=0x000000006735c460 is an unknown value
R12=0x0000000000001405 is an unknown value
R13=0x0000000020b091c8 is an unknown value
R14=0x0000000000000004 is an unknown value
R15=0x0000000020b03080 is an unknown value


Stack: [0x0000000002360000,0x0000000002460000],  sp=0x000000000245f0b0,  free space=1020k
Native frames: (J=compiled Java code, j=interpreted, Vv=VM code, C=native code)
C  [nvoglv64.dll+0xa3ba34]
C  [nvoglv64.dll+0x6b8266]
C  0x0000000002758c67

Java frames: (J=compiled Java code, j=interpreted, Vv=VM code)
j  org.lwjgl.opengl.GL11C.nglDrawElements(IIIJ)V+0
j  org.lwjgl.opengl.GL11C.glDrawElements(IIIJ)V+4
j  org.lwjgl.opengl.GL11.glDrawElements(IIIJ)V+4
j  renderEngine.EntityRenderer.lambda$null$0(Lmodels/TexturedModel;Lentities/Entity;)V+17
j  renderEngine.EntityRenderer$$Lambda$43.accept(Ljava/lang/Object;)V+12
j  java.util.ArrayList.forEach(Ljava/util/function/Consumer;)V+47
j  renderEngine.EntityRenderer.lambda$render$1(Ljava/util/Map;Lmodels/TexturedModel;)V+24
j  renderEngine.EntityRenderer$$Lambda$42.accept(Ljava/lang/Object;)V+12
j  java.util.HashMap$KeySet.forEach(Ljava/util/function/Consumer;)V+69
j  renderEngine.EntityRenderer.render(Ljava/util/Map;)V+13
j  renderEngine.MasterRenderer.render(Ljava/util/List;Lentities/Camera;Lutil/math/Vector4f;)V+56
j  renderEngine.MasterRenderer.renderScene(Ljava/util/List;Ljava/util/List;Ljava/util/List;Lentities/Camera;Lutil/math/Vector4f;)V+30
J 1104% C2 engineTester.MainGameLoop.main([Ljava/lang/String;)V (1440 bytes) @ 0x0000000002bb5b4c [0x0000000002bb5280+0x8cc]
v  ~StubRoutines::call_stub

---------------  P R O C E S S  ---------------

Java Threads: ( => current thread )
  0x0000000031578800 JavaThread "Timer-0" [_thread_blocked, id=15812, stack(0x0000000034b10000,0x0000000034c10000)]
  0x000000003157a000 JavaThread "Java2D Disposer" daemon [_thread_blocked, id=8076, stack(0x00000000341f0000,0x00000000342f0000)]
  0x000000001e2de000 JavaThread "Service Thread" daemon [_thread_blocked, id=4612, stack(0x000000001eca0000,0x000000001eda0000)]
  0x000000001e1ef800 JavaThread "C1 CompilerThread2" daemon [_thread_blocked, id=19084, stack(0x000000001eba0000,0x000000001eca0000)]
  0x000000001e1e4800 JavaThread "C2 CompilerThread1" daemon [_thread_blocked, id=18696, stack(0x000000001eaa0000,0x000000001eba0000)]
  0x000000001e09c800 JavaThread "C2 CompilerThread0" daemon [_thread_blocked, id=20396, stack(0x000000001e9a0000,0x000000001eaa0000)]
  0x000000001e019800 JavaThread "Monitor Ctrl-Break" daemon [_thread_in_native, id=14252, stack(0x000000001e8a0000,0x000000001e9a0000)]
  0x000000001bfeb800 JavaThread "Attach Listener" daemon [_thread_blocked, id=20016, stack(0x000000001dba0000,0x000000001dca0000)]
  0x000000001bfe9800 JavaThread "Signal Dispatcher" daemon [_thread_blocked, id=19148, stack(0x000000001daa0000,0x000000001dba0000)]
  0x000000001bfd3000 JavaThread "Finalizer" daemon [_thread_blocked, id=16188, stack(0x000000001d880000,0x000000001d980000)]
  0x000000000258e000 JavaThread "Reference Handler" daemon [_thread_blocked, id=5948, stack(0x000000001d780000,0x000000001d880000)]
=>0x0000000002499000 JavaThread "main" [_thread_in_native, id=15112, stack(0x0000000002360000,0x0000000002460000)]

Other Threads:
  0x000000001bfa8000 VMThread [stack: 0x000000001d680000,0x000000001d780000] [id=20244]
  0x000000001e476000 WatcherThread [stack: 0x000000001ef10000,0x000000001f010000] [id=15708]

VM state:not at safepoint (normal execution)

VM Mutex/Monitor currently owned by a thread: None

Heap:
 PSYoungGen      total 76288K, used 51009K [0x000000076af00000, 0x0000000770400000, 0x00000007c0000000)
  eden space 65536K, 77% used [0x000000076af00000,0x000000076e0d0608,0x000000076ef00000)
  from space 10752K, 0% used [0x000000076f980000,0x000000076f980000,0x0000000770400000)
  to   space 10752K, 0% used [0x000000076ef00000,0x000000076ef00000,0x000000076f980000)
 ParOldGen       total 175104K, used 0K [0x00000006c0c00000, 0x00000006cb700000, 0x000000076af00000)
  object space 175104K, 0% used [0x00000006c0c00000,0x00000006c0c00000,0x00000006cb700000)
 Metaspace       used 12390K, capacity 12811K, committed 13056K, reserved 1060864K
  class space    used 1129K, capacity 1264K, committed 1280K, reserved 1048576K

Card table byte_map: [0x0000000011b00000,0x0000000012300000] byte_map_base: 0x000000000e4fa000

Marking Bits: (ParMarkBitMap*) 0x00000000679508c0
 Begin Bits: [0x0000000012e60000, 0x0000000016e30000)
 End Bits:   [0x0000000016e30000, 0x000000001ae00000)

Polling page: 0x00000000008a0000

CodeCache: size=245760Kb used=4593Kb max_used=4593Kb free=241167Kb
 bounds [0x0000000002740000, 0x0000000002bc0000, 0x0000000011740000]
 total_blobs=2107 nmethods=1123 adapters=896
 compilation: enabled

Compilation events (10 events):
Event: 1.745 Thread 0x000000001e1ef800 nmethod 1110 0x0000000002bba610 code [0x0000000002bba760, 0x0000000002bba870]
Event: 1.757 Thread 0x000000001e1ef800 1115       3       org.lwjgl.opengl.GL11::glBindTexture (6 bytes)
Event: 1.757 Thread 0x000000001e1ef800 nmethod 1115 0x0000000002bba8d0 code [0x0000000002bbaa40, 0x0000000002bbaba8]
Event: 1.772 Thread 0x000000001e1ef800 1117       3       org.lwjgl.opengl.GL11::glTexParameterf (7 bytes)
Event: 1.772 Thread 0x000000001e1ef800 nmethod 1117 0x0000000002bbafd0 code [0x0000000002bbb140, 0x0000000002bbb2a8]
Event: 1.784 Thread 0x000000001e1ef800 1119       3       java.util.stream.ReferencePipeline::collect (124 bytes)
Event: 1.784 Thread 0x000000001e1ef800 nmethod 1119 0x0000000002bbb6d0 code [0x0000000002bbb920, 0x0000000002bbc888]
Event: 1.784 Thread 0x000000001e1ef800 1120       3       java.util.stream.ReduceOps::makeRef (42 bytes)
Event: 1.785 Thread 0x000000001e1ef800 nmethod 1120 0x0000000002bbcd90 code [0x0000000002bbcf40, 0x0000000002bbd4e8]
Event: 1.785 Thread 0x000000001e1ef800 1121       3       java.util.stream.ReduceOps$3::<init> (28 bytes)

GC Heap History (0 events):
No events

Deoptimization events (3 events):
Event: 1.152 Thread 0x0000000002499000 Uncommon trap: reason=unstable_if action=reinterpret pc=0x0000000002a767fc method=java.io.BufferedReader.readLine(Z)Ljava/lang/String; @ 153
Event: 1.201 Thread 0x0000000002499000 Uncommon trap: reason=predicate action=maybe_recompile pc=0x0000000002a8cf90 method=java.util.AbstractCollection.toArray([Ljava/lang/Object;)[Ljava/lang/Object; @ 49
Event: 1.640 Thread 0x0000000002499000 Uncommon trap: reason=unstable_if action=reinterpret pc=0x0000000002b8f23c method=engineTester.MainGameLoop.main([Ljava/lang/String;)V @ 1197

Classes redefined (0 events):
No events

Internal exceptions (10 events):
Event: 0.301 Thread 0x0000000002499000 Exception <a 'sun/nio/fs/WindowsException'> (0x000000076bb7adb0) thrown at [C:\re\workspace\8-2-build-windows-amd64-cygwin\jdk8u171\10807\hotspot\src\share\vm\prims\jni.cpp, line 709]
Event: 0.446 Thread 0x0000000002499000 Exception <a 'sun/nio/fs/WindowsException'> (0x000000076bd2a438) thrown at [C:\re\workspace\8-2-build-windows-amd64-cygwin\jdk8u171\10807\hotspot\src\share\vm\prims\jni.cpp, line 709]
Event: 0.446 Thread 0x0000000002499000 Exception <a 'sun/nio/fs/WindowsException'> (0x000000076bd2ab78) thrown at [C:\re\workspace\8-2-build-windows-amd64-cygwin\jdk8u171\10807\hotspot\src\share\vm\prims\jni.cpp, line 709]
Event: 0.901 Thread 0x0000000002499000 Exception <a 'sun/nio/fs/WindowsException'> (0x000000076bdcd8a8) thrown at [C:\re\workspace\8-2-build-windows-amd64-cygwin\jdk8u171\10807\hotspot\src\share\vm\prims\jni.cpp, line 709]
Event: 0.902 Thread 0x0000000002499000 Exception <a 'sun/nio/fs/WindowsException'> (0x000000076bdce000) thrown at [C:\re\workspace\8-2-build-windows-amd64-cygwin\jdk8u171\10807\hotspot\src\share\vm\prims\jni.cpp, line 709]
Event: 0.905 Thread 0x0000000002499000 Exception <a 'sun/nio/fs/WindowsException'> (0x000000076bde6cf8) thrown at [C:\re\workspace\8-2-build-windows-amd64-cygwin\jdk8u171\10807\hotspot\src\share\vm\prims\jni.cpp, line 709]
Event: 0.905 Thread 0x0000000002499000 Exception <a 'sun/nio/fs/WindowsException'> (0x000000076bde7300) thrown at [C:\re\workspace\8-2-build-windows-amd64-cygwin\jdk8u171\10807\hotspot\src\share\vm\prims\jni.cpp, line 709]
Event: 1.124 Thread 0x0000000002499000 Exception <a 'sun/nio/fs/WindowsException'> (0x000000076cbcf8b0) thrown at [C:\re\workspace\8-2-build-windows-amd64-cygwin\jdk8u171\10807\hotspot\src\share\vm\prims\jni.cpp, line 709]
Event: 1.124 Thread 0x0000000002499000 Exception <a 'sun/nio/fs/WindowsException'> (0x000000076cbcffc8) thrown at [C:\re\workspace\8-2-build-windows-amd64-cygwin\jdk8u171\10807\hotspot\src\share\vm\prims\jni.cpp, line 709]
Event: 1.226 Thread 0x0000000002499000 Exception <a 'java/io/FileNotFoundException'> (0x000000076d09e0a0) thrown at [C:\re\workspace\8-2-build-windows-amd64-cygwin\jdk8u171\10807\hotspot\src\share\vm\prims\jni.cpp, line 709]

Events (10 events):
Event: 1.599 loading class guis/Gui done
Event: 1.599 loading class guis/Gui
Event: 1.599 loading class guis/Gui done
Event: 1.599 loading class guis/Gui
Event: 1.599 loading class guis/Gui done
Event: 1.628 Thread 0x0000000002499000 DEOPT PACKING pc=0x0000000002b6ea3f sp=0x000000000245f2a0
Event: 1.628 Thread 0x0000000002499000 DEOPT UNPACKING pc=0x0000000002787890 sp=0x000000000245f460 mode 0
Event: 1.640 Thread 0x0000000002499000 Uncommon trap: trap_request=0xffffff65 fr.pc=0x0000000002b8f23c
Event: 1.640 Thread 0x0000000002499000 DEOPT PACKING pc=0x0000000002b8f23c sp=0x000000000245f7a0
Event: 1.640 Thread 0x0000000002499000 DEOPT UNPACKING pc=0x000000000278583b sp=0x000000000245f6e8 mode 2


Dynamic libraries:
0x00007ff7570c0000 - 0x00007ff7570f7000 	C:\Program Files\Java\jdk1.8.0_171\bin\java.exe
0x00007fffa3fc0000 - 0x00007fffa41a1000 	C:\Windows\SYSTEM32\ntdll.dll
0x00007fffa3670000 - 0x00007fffa3721000 	C:\Windows\System32\KERNEL32.DLL
0x00007fffa0d00000 - 0x00007fffa0f73000 	C:\Windows\System32\KERNELBASE.dll
0x00007fffa1730000 - 0x00007fffa17d1000 	C:\Windows\System32\ADVAPI32.dll
0x00007fffa3b40000 - 0x00007fffa3bde000 	C:\Windows\System32\msvcrt.dll
0x00007fffa3820000 - 0x00007fffa387b000 	C:\Windows\System32\sechost.dll
0x00007fffa33a0000 - 0x00007fffa34c4000 	C:\Windows\System32\RPCRT4.dll
0x00007fffa14f0000 - 0x00007fffa1680000 	C:\Windows\System32\USER32.dll
0x00007fffa0430000 - 0x00007fffa0450000 	C:\Windows\System32\win32u.dll
0x00007fffa1f10000 - 0x00007fffa1f38000 	C:\Windows\System32\GDI32.dll
0x00007fffa0450000 - 0x00007fffa05e1000 	C:\Windows\System32\gdi32full.dll
0x00007fffa1080000 - 0x00007fffa111f000 	C:\Windows\System32\msvcp_win.dll
0x00007fffa0f80000 - 0x00007fffa1078000 	C:\Windows\System32\ucrtbase.dll
0x00007fff93900000 - 0x00007fff93b69000 	C:\Windows\WinSxS\amd64_microsoft.windows.common-controls_6595b64144ccf1df_6.0.17134.1067_none_d401a3eb7c8ebdea\COMCTL32.dll
0x00007fffa3c60000 - 0x00007fffa3f81000 	C:\Windows\System32\combase.dll
0x00007fffa1370000 - 0x00007fffa13e9000 	C:\Windows\System32\bcryptPrimitives.dll
0x00007fffa1690000 - 0x00007fffa16bd000 	C:\Windows\System32\IMM32.DLL
0x00007fff9f430000 - 0x00007fff9f461000 	C:\Windows\SYSTEM32\ntmarta.dll
0x00007fffa01f0000 - 0x00007fffa0220000 	C:\Windows\SYSTEM32\SspiCli.dll
0x00000000679d0000 - 0x0000000067aa2000 	C:\Program Files\Java\jdk1.8.0_171\jre\bin\msvcr100.dll
0x0000000067130000 - 0x00000000679d0000 	C:\Program Files\Java\jdk1.8.0_171\jre\bin\server\jvm.dll
0x00007fffa3390000 - 0x00007fffa3398000 	C:\Windows\System32\PSAPI.DLL
0x00007fff8b250000 - 0x00007fff8b259000 	C:\Windows\SYSTEM32\WSOCK32.dll
0x00007fffa16c0000 - 0x00007fffa172c000 	C:\Windows\System32\WS2_32.dll
0x00007fff9e550000 - 0x00007fff9e573000 	C:\Windows\SYSTEM32\WINMM.dll
0x00007fff9b720000 - 0x00007fff9b72a000 	C:\Windows\SYSTEM32\VERSION.dll
0x00007fff9e4f0000 - 0x00007fff9e51a000 	C:\Windows\SYSTEM32\WINMMBASE.dll
0x00007fffa13f0000 - 0x00007fffa1439000 	C:\Windows\System32\cfgmgr32.dll
0x0000000067120000 - 0x000000006712f000 	C:\Program Files\Java\jdk1.8.0_171\jre\bin\verify.dll
0x00000000670f0000 - 0x0000000067119000 	C:\Program Files\Java\jdk1.8.0_171\jre\bin\java.dll
0x0000000068c30000 - 0x0000000068c53000 	C:\Program Files\Java\jdk1.8.0_171\jre\bin\instrument.dll
0x00000000670d0000 - 0x00000000670e6000 	C:\Program Files\Java\jdk1.8.0_171\jre\bin\zip.dll
0x00007fffa1f40000 - 0x00007fffa3384000 	C:\Windows\System32\SHELL32.dll
0x00007fffa1440000 - 0x00007fffa14e9000 	C:\Windows\System32\shcore.dll
0x00007fffa05f0000 - 0x00007fffa0d00000 	C:\Windows\System32\windows.storage.dll
0x00007fffa1a60000 - 0x00007fffa1ab1000 	C:\Windows\System32\shlwapi.dll
0x00007fffa0320000 - 0x00007fffa0331000 	C:\Windows\System32\kernel.appcore.dll
0x00007fffa0360000 - 0x00007fffa037f000 	C:\Windows\System32\profapi.dll
0x00007fffa02d0000 - 0x00007fffa031c000 	C:\Windows\System32\powrprof.dll
0x00007fffa02c0000 - 0x00007fffa02ca000 	C:\Windows\System32\FLTLIB.DLL
0x00007fff9e600000 - 0x00007fff9e61a000 	D:\Programmes\JetBrains\IntelliJ IDEA 2019.1.3\bin\breakgen64.dll
0x00000000670b0000 - 0x00000000670ca000 	C:\Program Files\Java\jdk1.8.0_171\jre\bin\net.dll
0x00007fff9fae0000 - 0x00007fff9fb46000 	C:\Windows\system32\mswsock.dll
0x0000000067090000 - 0x00000000670a1000 	C:\Program Files\Java\jdk1.8.0_171\jre\bin\nio.dll
0x00007fff866c0000 - 0x00007fff86724000 	C:\Users\Alykas\AppData\Local\Temp\lwjglAlykas\3.2.3-build-13\lwjgl.dll
0x00007fff85200000 - 0x00007fff85262000 	C:\Users\Alykas\AppData\Local\Temp\lwjglAlykas\3.2.3-build-13\glfw.dll
0x00007fff9e960000 - 0x00007fff9e9f8000 	C:\Windows\system32\uxtheme.dll
0x00007fff851b0000 - 0x00007fff851f3000 	C:\Windows\SYSTEM32\dinput8.dll
0x00007fff9e5f0000 - 0x00007fff9e600000 	C:\Windows\SYSTEM32\xinput1_4.dll
0x00007fffa0070000 - 0x00007fffa0097000 	C:\Windows\SYSTEM32\DEVOBJ.dll
0x00007fff9ea30000 - 0x00007fff9ea59000 	C:\Windows\SYSTEM32\dwmapi.dll
0x00007fff92030000 - 0x00007fff920a9000 	C:\Windows\SYSTEM32\inputhost.dll
0x00007fff9dfe0000 - 0x00007fff9e0ba000 	C:\Windows\SYSTEM32\CoreMessaging.dll
0x00007fff9b4d0000 - 0x00007fff9b61d000 	C:\Windows\SYSTEM32\wintypes.dll
0x00007fff9aa40000 - 0x00007fff9ad5e000 	C:\Windows\SYSTEM32\CoreUIComponents.dll
0x00007fffa3880000 - 0x00007fffa39f4000 	C:\Windows\System32\MSCTF.dll
0x00007fffa3a70000 - 0x00007fffa3b32000 	C:\Windows\System32\OLEAUT32.dll
0x00007fff9efc0000 - 0x00007fff9efcc000 	C:\Windows\SYSTEM32\HID.DLL
0x00007fffa1ac0000 - 0x00007fffa1f0b000 	C:\Windows\System32\SETUPAPI.DLL
0x00007fffa1310000 - 0x00007fffa1367000 	C:\Windows\System32\WINTRUST.dll
0x00007fffa0340000 - 0x00007fffa0352000 	C:\Windows\System32\MSASN1.dll
0x00007fffa1120000 - 0x00007fffa1302000 	C:\Windows\System32\CRYPT32.dll
0x00007fff84f50000 - 0x00007fff851a3000 	C:\Users\Alykas\AppData\Local\Temp\lwjglAlykas\3.2.3-build-13\jemalloc.dll
0x00007fff88860000 - 0x00007fff88980000 	C:\Windows\SYSTEM32\opengl32.dll
0x00007fff8b610000 - 0x00007fff8b63c000 	C:\Windows\SYSTEM32\GLU32.dll
0x00007fff320f0000 - 0x00007fff347c0000 	C:\Windows\System32\DriverStore\FileRepository\nv_dispi.inf_amd64_ae56a6c9c37ba8db\nvoglv64.dll
0x00007fffa17e0000 - 0x00007fffa1931000 	C:\Windows\System32\ole32.dll
0x00007fff9cbd0000 - 0x00007fff9cbe3000 	C:\Windows\SYSTEM32\WTSAPI32.dll
0x00007fff59660000 - 0x00007fff59922000 	C:\Windows\system32\nvspcap64.dll
0x00007fffa00c0000 - 0x00007fffa0116000 	C:\Windows\SYSTEM32\WINSTA.dll
0x00007fff920b0000 - 0x00007fff92146000 	C:\Windows\System32\TextInputFramework.dll
0x00007fff84ef0000 - 0x00007fff84f49000 	C:\Users\Alykas\AppData\Local\Temp\lwjglAlykas\3.2.3-build-13\lwjgl_opengl.dll
0x00007fff84e70000 - 0x00007fff84ee7000 	C:\Users\Alykas\AppData\Local\Temp\lwjglAlykas\3.2.3-build-13\lwjgl_stb.dll
0x0000000068a90000 - 0x0000000068c28000 	C:\Program Files\Java\jdk1.8.0_171\jre\bin\awt.dll
0x00007fff9e6e0000 - 0x00007fff9e76b000 	C:\Windows\SYSTEM32\apphelp.dll
0x00007fff89bd0000 - 0x00007fff89d99000 	C:\Windows\SYSTEM32\dbghelp.dll

VM Arguments:
jvm_args: -Djava.library.path=D:\Utilisateurs\Alykas\Documents\IntelliJ\Tests2 OpenGL\lib\natives -javaagent:D:\Programmes\JetBrains\IntelliJ IDEA 2019.1.3\lib\idea_rt.jar=59399:D:\Programmes\JetBrains\IntelliJ IDEA 2019.1.3\bin -Dfile.encoding=UTF-8 
java_command: engineTester.MainGameLoop
java_class_path (initial): C:\Program Files\Java\jdk1.8.0_171\jre\lib\charsets.jar;C:\Program Files\Java\jdk1.8.0_171\jre\lib\deploy.jar;C:\Program Files\Java\jdk1.8.0_171\jre\lib\ext\access-bridge-64.jar;C:\Program Files\Java\jdk1.8.0_171\jre\lib\ext\cldrdata.jar;C:\Program Files\Java\jdk1.8.0_171\jre\lib\ext\dnsns.jar;C:\Program Files\Java\jdk1.8.0_171\jre\lib\ext\jaccess.jar;C:\Program Files\Java\jdk1.8.0_171\jre\lib\ext\jfxrt.jar;C:\Program Files\Java\jdk1.8.0_171\jre\lib\ext\localedata.jar;C:\Program Files\Java\jdk1.8.0_171\jre\lib\ext\nashorn.jar;C:\Program Files\Java\jdk1.8.0_171\jre\lib\ext\sunec.jar;C:\Program Files\Java\jdk1.8.0_171\jre\lib\ext\sunjce_provider.jar;C:\Program Files\Java\jdk1.8.0_171\jre\lib\ext\sunmscapi.jar;C:\Program Files\Java\jdk1.8.0_171\jre\lib\ext\sunpkcs11.jar;C:\Program Files\Java\jdk1.8.0_171\jre\lib\ext\zipfs.jar;C:\Program Files\Java\jdk1.8.0_171\jre\lib\javaws.jar;C:\Program Files\Java\jdk1.8.0_171\jre\lib\jce.jar;C:\Program Files\Java\jdk1.8.0_171\jre\lib\jfr.jar;C:\Program Files\Java\jdk1.8.0_171\jre\lib\jfxswt.jar;C:\Program Files\Java\jdk1.8.0_171\jre\lib\jsse.jar;C:\Program Files\Java\jdk1.8.0_171\jre\lib\management-agent.jar;C:\Program Files\Java\jdk1.8.0_171\jre\lib\plugin.jar;C:\Program Files\Java\jdk1.8.0_171\jre\lib\resources.jar;C:\Program Files\Java\jdk1.8.0_171\jre\lib\rt.jar;D:\Utilisateurs\Alykas\Documents\IntelliJ\Tests2 OpenGL\out\production\Tests2 OpenGL;D:\Utilisateurs\Alykas\Documents\IntelliJ\Tests2 OpenGL\lib\jars\ibxm.jar;D:\Utilisateurs\Alykas\Documents\IntelliJ\Tests2 OpenGL\lib\jars\lwjgl.jar;D:\Utilisateurs\Alykas\Documents\IntelliJ\Tests2 OpenGL\lib\jars\disruptor.jar;D:\Utilisateurs\Alykas\Documents\IntelliJ\Tests2 OpenGL\lib\jars\lwjgl-egl.jar;D:\Utilisateurs\Alykas\Documents\IntelliJ\Tests2 OpenGL\lib\jars\lwjgl-lz4.jar;D:\Utilisateurs\Alykas\Documents\IntelliJ\Tests2 OpenGL\lib\jars\lwjgl-nfd.jar;D:\Utilisateurs\Alykas\Documents\IntelliJ\Tests2 OpenGL\lib\jars\lwjgl-ovr.jar;D:\Utilisateurs\Alyk
Launcher Type: SUN_STANDARD

Environment Variables:
PATH=C:\Program Files (x86)\Common Files\Oracle\Java\javapath;C:\Windows\system32;C:\Windows;C:\Windows\System32\Wbem;C:\Windows\System32\WindowsPowerShell\v1.0\;C:\Windows\System32\OpenSSH\;C:\Program Files\Git\cmd;C:\Program Files (x86)\NVIDIA Corporation\PhysX\Common;C:\Program Files\Intel\WiFi\bin\;C:\Program Files\Common Files\Intel\WirelessCommon\;C:\Program Files\PuTTY\;C:\Program Files\NVIDIA Corporation\NVIDIA NvDLISR;C:\Users\Alyka\AppData\Roaming\Composer;C:\Program Files\dotnet\;C:\Program Files\nodejs\;C:\Program Files\Microsoft SQL Server\120\Tools\Binn\;C:\Users\Alykas\AppData\Local\Programs\Python\Python38-32\Scripts\;C:\Users\Alykas\AppData\Local\Programs\Python\Python38-32\;C:\Users\Alykas\AppData\Local\Microsoft\WindowsApps;C:\Program Files\Intel\WiFi\bin\;C:\Program Files\Common Files\Intel\WirelessCommon\;C:\Program Files\Java\jdk1.8.0_171\bin;C:\PHP;C:\Users\Alyka\AppData\Roaming\Composer\vendor\bin;C:\Users\Alykas\AppData\Local\Programs\Microsoft VS Code\bin;C:\Users\Alykas\AppData\Roaming\Dashlane\6.1907.0.17833\bin\Firefox_Extension\{442718d9-475e-452a-b3e1-fb1ee16b8e9f}\components;C:\Users\Alykas\AppData\Roaming\Dashlane\6.1907.0.17833\ucrt;C:\Users\Alykas\AppData\Roaming\Dashlane\6.1907.0.17833\bin\Qt;C:\Users\Alykas\AppData\Roaming\Dashlane\6.1907.0.17833\bin\Ssl;C:\Users\Alykas\AppData\Roaming\npm;C:\Composer\;;D:\Program Files\JetBrains\PyCharm Community Edition 2019.3\bin;
USERNAME=Alykas
OS=Windows_NT
PROCESSOR_IDENTIFIER=Intel64 Family 6 Model 158 Stepping 10, GenuineIntel



---------------  S Y S T E M  ---------------

OS: Windows 10.0 , 64 bit Build 17134 (10.0.17134.753)

CPU:total 6 (initial active 6) (6 cores per cpu, 1 threads per core) family 6 model 158 stepping 10, cmov, cx8, fxsr, mmx, sse, sse2, sse3, ssse3, sse4.1, sse4.2, popcnt, avx, avx2, aes, clmul, erms, rtm, 3dnowpref, lzcnt, tsc, tscinvbit, bmi1, bmi2, adx

Memory: 4k page, physical 16721932k(9924464k free), swap 33499148k(19854484k free)

vm_info: Java HotSpot(TM) 64-Bit Server VM (25.171-b11) for windows-amd64 JRE (1.8.0_171-b11), built on Mar 28 2018 16:06:12 by "java_re" with MS VC++ 10.0 (VS2010)

time: Sat Feb 01 14:07:29 2020
elapsed time: 1 seconds (0d 0h 0m 1s)

