#
# A fatal error has been detected by the Java Runtime Environment:
#
#  EXCEPTION_ACCESS_VIOLATION (0xc0000005) at pc=0x00007fff93a0e115, pid=9660, tid=0x0000000000003300
#
# JRE version: Java(TM) SE Runtime Environment (8.0_171-b11) (build 1.8.0_171-b11)
# Java VM: Java HotSpot(TM) 64-Bit Server VM (25.171-b11 mixed mode windows-amd64 compressed oops)
# Problematic frame:
# C  [nvoglv64.dll+0x113e115]
#
# Failed to write core dump. Minidumps are not enabled by default on client versions of Windows
#
# If you would like to submit a bug report, please visit:
#   http://bugreport.java.com/bugreport/crash.jsp
# The crash happened outside the Java Virtual Machine in native code.
# See problematic frame for where to report the bug.
#

---------------  T H R E A D  ---------------

Current thread (0x0000000002649000):  JavaThread "main" [_thread_in_native, id=13056, stack(0x0000000002520000,0x0000000002620000)]

siginfo: ExceptionCode=0xc0000005, reading address 0x0000000000000000

Registers:
RAX=0x0000000030f93448, RBX=0x0000000030f9342c, RCX=0x00007fff93a0e115, RDX=0x0000000000000000
RSP=0x000000000261ec18, RBP=0x000000000000003c, RSI=0x0000000000000004, RDI=0x0000000020c0d080
R8 =0x0000000000000010, R9 =0x00007fff928d0000, R10=0x0000000000000000, R11=0x0000000030f93448
R12=0x0000000000000002, R13=0x0000000000001405, R14=0x0000000000000000, R15=0x0000000002649000
RIP=0x00007fff93a0e115, EFLAGS=0x0000000000010202

Top of Stack: (sp=0x000000000261ec18)
0x000000000261ec18:   00007fff930a777c 00000007c00c6628
0x000000000261ec28:   00000007c00c6628 000000001be0dab0
0x000000000261ec38:   0000000002649000 000000001be0dab0
0x000000000261ec48:   0000000002649000 fffffffe00000000
0x000000000261ec58:   0000000000000000 0000000000000000
0x000000000261ec68:   000000001bd71510 0000000000000000
0x000000000261ec78:   0000000000000000 000000000261ed10
0x000000000261ec88:   000000000261edb8 0000000000000000
0x000000000261ec98:   0000000000000000 0000000031c373e0
0x000000000261eca8:   0000000002dea2d4 000000000261ed20
0x000000000261ecb8:   0000000000000010 0000000002649000
0x000000000261ecc8:   0000000000002f98 0000000000001405
0x000000000261ecd8:   0000000000000000 000000000261ed58
0x000000000261ece8:   00000000028b835d 000000076afa9d40
0x000000000261ecf8:   00000000028b835d 0000000741000000
0x000000000261ed08:   000000001be0dab0 00000006c0c48ec8 

Instructions: (pc=0x00007fff93a0e115)
0x00007fff93a0e0f5:   89 08 c3 48 8b 0a 48 89 08 c3 0f b7 0a 44 0f b6
0x00007fff93a0e105:   42 02 66 89 08 44 88 40 02 c3 0f b6 0a 88 08 c3
0x00007fff93a0e115:   f3 0f 6f 02 f3 0f 7f 00 c3 66 90 4c 8b 02 0f b7
0x00007fff93a0e125:   4a 08 44 0f b6 4a 0a 4c 89 00 66 89 48 08 44 88 


Register to memory mapping:

RAX=0x0000000030f93448 is an unknown value
RBX=0x0000000030f9342c is an unknown value
RCX=0x00007fff93a0e115 is an unknown value
RDX=0x0000000000000000 is an unknown value
RSP=0x000000000261ec18 is pointing into the stack for thread: 0x0000000002649000
RBP=0x000000000000003c is an unknown value
RSI=0x0000000000000004 is an unknown value
RDI=0x0000000020c0d080 is an unknown value
R8 =0x0000000000000010 is an unknown value
R9 =0x00007fff928d0000 is an unknown value
R10=0x0000000000000000 is an unknown value
R11=0x0000000030f93448 is an unknown value
R12=0x0000000000000002 is an unknown value
R13=0x0000000000001405 is an unknown value
R14=0x0000000000000000 is an unknown value
R15=0x0000000002649000 is a thread


Stack: [0x0000000002520000,0x0000000002620000],  sp=0x000000000261ec18,  free space=1019k
Native frames: (J=compiled Java code, j=interpreted, Vv=VM code, C=native code)
C  [nvoglv64.dll+0x113e115]
C  [nvoglv64.dll+0x7d777c]
C  0x0000000002dea2d4

Java frames: (J=compiled Java code, j=interpreted, Vv=VM code)
J 1438  org.lwjgl.opengl.GL11C.nglDrawElements(IIIJ)V (0 bytes) @ 0x0000000002dea24e [0x0000000002dea200+0x4e]
J 1359 C1 org.lwjgl.opengl.GL11.glDrawElements(IIIJ)V (8 bytes) @ 0x0000000002dbfbdc [0x0000000002dbfb40+0x9c]
j  renderEngine.GuiRenderer.renderUnfilledShape(Lguis/basics/GuiShape;IF)V+44
j  renderEngine.GuiRenderer.renderQuad(Lguis/GuiInterface;ZF)V+51
j  renderEngine.GuiRenderer.handleBasicsRendering(Lguis/GuiComponent;)V+72
j  renderEngine.GuiRenderer.lambda$null$3(Lguis/GuiComponent;)V+45
j  renderEngine.GuiRenderer$$Lambda$89.accept(Ljava/lang/Object;)V+8
J 1347 C1 java.util.stream.ForEachOps$ForEachOp$OfRef.accept(Ljava/lang/Object;)V (11 bytes) @ 0x0000000002dbbbcc [0x0000000002dbbac0+0x10c]
J 1225 C1 java.util.stream.ReferencePipeline$2$1.accept(Ljava/lang/Object;)V (27 bytes) @ 0x0000000002d88d54 [0x0000000002d88b40+0x214]
J 1563 C1 java.util.Iterator.forEachRemaining(Ljava/util/function/Consumer;)V (30 bytes) @ 0x0000000002e3b5cc [0x0000000002e3b380+0x24c]
J 1562 C1 java.util.Spliterators$IteratorSpliterator.forEachRemaining(Ljava/util/function/Consumer;)V (58 bytes) @ 0x0000000002e3952c [0x0000000002e39200+0x32c]
J 1572 C2 java.util.stream.AbstractPipeline.wrapAndCopyInto(Ljava/util/stream/Sink;Ljava/util/Spliterator;)Ljava/util/stream/Sink; (18 bytes) @ 0x00000000029e095c [0x00000000029e0760+0x1fc]
J 1375 C1 java.util.stream.ForEachOps$ForEachOp$OfRef.evaluateSequential(Ljava/util/stream/PipelineHelper;Ljava/util/Spliterator;)Ljava/lang/Object; (7 bytes) @ 0x0000000002dc9fbc [0x0000000002dc9e60+0x15c]
J 1603 C2 java.util.stream.AbstractPipeline.evaluate(Ljava/util/stream/TerminalOp;)Ljava/lang/Object; (94 bytes) @ 0x0000000002c45788 [0x0000000002c456a0+0xe8]
J 1557 C1 renderEngine.GuiRenderer.lambda$render$4(Lguis/Gui;)V (80 bytes) @ 0x0000000002e41774 [0x0000000002e3efc0+0x27b4]
J 1556 C1 renderEngine.GuiRenderer$$Lambda$82.accept(Ljava/lang/Object;)V (12 bytes) @ 0x0000000002e37a64 [0x0000000002e37900+0x164]
J 943 C1 java.util.ArrayList$ArrayListSpliterator.forEachRemaining(Ljava/util/function/Consumer;)V (129 bytes) @ 0x0000000002ca8bb4 [0x0000000002ca88c0+0x2f4]
j  java.util.stream.ReferencePipeline$Head.forEach(Ljava/util/function/Consumer;)V+12
j  renderEngine.GuiRenderer.render()V+77
j  engineTester.MainGameLoop.main([Ljava/lang/String;)V+970
v  ~StubRoutines::call_stub

---------------  P R O C E S S  ---------------

Java Threads: ( => current thread )
  0x0000000030909800 JavaThread "Timer-0" [_thread_blocked, id=21976, stack(0x000000002df70000,0x000000002e070000)]
  0x000000002ffac800 JavaThread "Java2D Disposer" daemon [_thread_blocked, id=4084, stack(0x00000000318e0000,0x00000000319e0000)]
  0x000000001e47c000 JavaThread "Service Thread" daemon [_thread_blocked, id=6924, stack(0x000000001ee50000,0x000000001ef50000)]
  0x000000001e23e800 JavaThread "C1 CompilerThread2" daemon [_thread_blocked, id=18980, stack(0x000000001ed50000,0x000000001ee50000)]
  0x000000001e388000 JavaThread "C2 CompilerThread1" daemon [_thread_blocked, id=9504, stack(0x000000001ec50000,0x000000001ed50000)]
  0x000000001e387800 JavaThread "C2 CompilerThread0" daemon [_thread_blocked, id=13268, stack(0x000000001eb50000,0x000000001ec50000)]
  0x000000001e386000 JavaThread "Monitor Ctrl-Break" daemon [_thread_in_native, id=18948, stack(0x000000001ea50000,0x000000001eb50000)]
  0x000000001c1ac000 JavaThread "Attach Listener" daemon [_thread_blocked, id=15008, stack(0x000000001dd40000,0x000000001de40000)]
  0x000000001c1a8000 JavaThread "Signal Dispatcher" daemon [_thread_blocked, id=6024, stack(0x000000001dc40000,0x000000001dd40000)]
  0x000000001c192000 JavaThread "Finalizer" daemon [_thread_blocked, id=15056, stack(0x000000001da10000,0x000000001db10000)]
  0x000000000273d800 JavaThread "Reference Handler" daemon [_thread_blocked, id=17056, stack(0x000000001d910000,0x000000001da10000)]
=>0x0000000002649000 JavaThread "main" [_thread_in_native, id=13056, stack(0x0000000002520000,0x0000000002620000)]

Other Threads:
  0x000000001c168000 VMThread [stack: 0x000000001d810000,0x000000001d910000] [id=8580]
  0x000000001e49f000 WatcherThread [stack: 0x000000001ef50000,0x000000001f050000] [id=13128]

VM state:not at safepoint (normal execution)

VM Mutex/Monitor currently owned by a thread: None

Heap:
 PSYoungGen      total 518656K, used 10334K [0x000000076af00000, 0x000000078aa80000, 0x00000007c0000000)
  eden space 518144K, 1% used [0x000000076af00000,0x000000076b9179a8,0x000000078a900000)
  from space 512K, 0% used [0x000000078a980000,0x000000078a980000,0x000000078aa00000)
  to   space 512K, 0% used [0x000000078aa00000,0x000000078aa00000,0x000000078aa80000)
 ParOldGen       total 175104K, used 6225K [0x00000006c0c00000, 0x00000006cb700000, 0x000000076af00000)
  object space 175104K, 3% used [0x00000006c0c00000,0x00000006c12147e8,0x00000006cb700000)
 Metaspace       used 14270K, capacity 14773K, committed 14848K, reserved 1062912K
  class space    used 1351K, capacity 1515K, committed 1536K, reserved 1048576K

Card table byte_map: [0x0000000011c70000,0x0000000012470000] byte_map_base: 0x000000000e66a000

Marking Bits: (ParMarkBitMap*) 0x000000005af508c0
 Begin Bits: [0x0000000012fd0000, 0x0000000016fa0000)
 End Bits:   [0x0000000016fa0000, 0x000000001af70000)

Polling page: 0x0000000002620000

CodeCache: size=245760Kb used=5070Kb max_used=5688Kb free=240689Kb
 bounds [0x00000000028b0000, 0x0000000002e50000, 0x00000000118b0000]
 total_blobs=2529 nmethods=1478 adapters=963
 compilation: enabled

Compilation events (10 events):
Event: 3.359 Thread 0x000000001e23e800 1679       3       java.lang.invoke.MethodHandles$Lookup::in (125 bytes)
Event: 3.359 Thread 0x000000001e388000 1682       4       java.nio.charset.CoderResult::isUnderflow (13 bytes)
Event: 3.359 Thread 0x000000001e23e800 nmethod 1679 0x0000000002d02cd0 code [0x0000000002d02f00, 0x0000000002d03b98]
Event: 3.359 Thread 0x000000001e23e800 1681       3       java.lang.invoke.MethodHandleNatives::findMethodHandleType (7 bytes)
Event: 3.359 Thread 0x000000001e23e800 nmethod 1681 0x0000000002ab5e90 code [0x0000000002ab6000, 0x0000000002ab6168]
Event: 3.359 Thread 0x000000001e23e800 1680       3       java.lang.invoke.DirectMethodHandle::<init> (132 bytes)
Event: 3.359 Thread 0x000000001e388000 nmethod 1682 0x0000000002e13610 code [0x0000000002e13740, 0x0000000002e137b8]
Event: 3.360 Thread 0x000000001e23e800 nmethod 1680 0x0000000002c65450 code [0x0000000002c65700, 0x0000000002c66f38]
Event: 3.360 Thread 0x000000001e23e800 1683       3       renderEngine.BuildingRenderer$$Lambda$78/815992954::accept (24 bytes)
Event: 3.360 Thread 0x000000001e23e800 nmethod 1683 0x0000000002d42cd0 code [0x0000000002d42e40, 0x0000000002d431c8]

GC Heap History (10 events):
Event: 3.327 GC heap before
{Heap before GC invocations=150 (full 71):
 PSYoungGen      total 518656K, used 32K [0x000000076af00000, 0x000000078aa80000, 0x00000007c0000000)
  eden space 518144K, 0% used [0x000000076af00000,0x000000076af00000,0x000000078a900000)
  from space 512K, 6% used [0x000000078a980000,0x000000078a988000,0x000000078aa00000)
  to   space 512K, 0% used [0x000000078aa00000,0x000000078aa00000,0x000000078aa80000)
 ParOldGen       total 175104K, used 6226K [0x00000006c0c00000, 0x00000006cb700000, 0x000000076af00000)
  object space 175104K, 3% used [0x00000006c0c00000,0x00000006c1214908,0x00000006cb700000)
 Metaspace       used 14227K, capacity 14721K, committed 14848K, reserved 1062912K
  class space    used 1341K, capacity 1475K, committed 1536K, reserved 1048576K
Event: 3.334 GC heap after
Heap after GC invocations=150 (full 71):
 PSYoungGen      total 518656K, used 0K [0x000000076af00000, 0x000000078aa80000, 0x00000007c0000000)
  eden space 518144K, 0% used [0x000000076af00000,0x000000076af00000,0x000000078a900000)
  from space 512K, 0% used [0x000000078a980000,0x000000078a980000,0x000000078aa00000)
  to   space 512K, 0% used [0x000000078aa00000,0x000000078aa00000,0x000000078aa80000)
 ParOldGen       total 175104K, used 6226K [0x00000006c0c00000, 0x00000006cb700000, 0x000000076af00000)
  object space 175104K, 3% used [0x00000006c0c00000,0x00000006c1214908,0x00000006cb700000)
 Metaspace       used 14227K, capacity 14721K, committed 14848K, reserved 1062912K
  class space    used 1341K, capacity 1475K, committed 1536K, reserved 1048576K
}
Event: 3.337 GC heap before
{Heap before GC invocations=151 (full 71):
 PSYoungGen      total 518656K, used 10334K [0x000000076af00000, 0x000000078aa80000, 0x00000007c0000000)
  eden space 518144K, 1% used [0x000000076af00000,0x000000076b9179e0,0x000000078a900000)
  from space 512K, 0% used [0x000000078a980000,0x000000078a980000,0x000000078aa00000)
  to   space 512K, 0% used [0x000000078aa00000,0x000000078aa00000,0x000000078aa80000)
 ParOldGen       total 175104K, used 6226K [0x00000006c0c00000, 0x00000006cb700000, 0x000000076af00000)
  object space 175104K, 3% used [0x00000006c0c00000,0x00000006c1214908,0x00000006cb700000)
 Metaspace       used 14227K, capacity 14721K, committed 14848K, reserved 1062912K
  class space    used 1341K, capacity 1475K, committed 1536K, reserved 1048576K
Event: 3.337 GC heap after
Heap after GC invocations=151 (full 71):
 PSYoungGen      total 518656K, used 0K [0x000000076af00000, 0x000000078aa80000, 0x00000007c0000000)
  eden space 518144K, 0% used [0x000000076af00000,0x000000076af00000,0x000000078a900000)
  from space 512K, 0% used [0x000000078aa00000,0x000000078aa00000,0x000000078aa80000)
  to   space 512K, 0% used [0x000000078a980000,0x000000078a980000,0x000000078aa00000)
 ParOldGen       total 175104K, used 6226K [0x00000006c0c00000, 0x00000006cb700000, 0x000000076af00000)
  object space 175104K, 3% used [0x00000006c0c00000,0x00000006c1214908,0x00000006cb700000)
 Metaspace       used 14227K, capacity 14721K, committed 14848K, reserved 1062912K
  class space    used 1341K, capacity 1475K, committed 1536K, reserved 1048576K
}
Event: 3.337 GC heap before
{Heap before GC invocations=152 (full 72):
 PSYoungGen      total 518656K, used 0K [0x000000076af00000, 0x000000078aa80000, 0x00000007c0000000)
  eden space 518144K, 0% used [0x000000076af00000,0x000000076af00000,0x000000078a900000)
  from space 512K, 0% used [0x000000078aa00000,0x000000078aa00000,0x000000078aa80000)
  to   space 512K, 0% used [0x000000078a980000,0x000000078a980000,0x000000078aa00000)
 ParOldGen       total 175104K, used 6226K [0x00000006c0c00000, 0x00000006cb700000, 0x000000076af00000)
  object space 175104K, 3% used [0x00000006c0c00000,0x00000006c1214908,0x00000006cb700000)
 Metaspace       used 14227K, capacity 14721K, committed 14848K, reserved 1062912K
  class space    used 1341K, capacity 1475K, committed 1536K, reserved 1048576K
Event: 3.345 GC heap after
Heap after GC invocations=152 (full 72):
 PSYoungGen      total 518656K, used 0K [0x000000076af00000, 0x000000078aa80000, 0x00000007c0000000)
  eden space 518144K, 0% used [0x000000076af00000,0x000000076af00000,0x000000078a900000)
  from space 512K, 0% used [0x000000078aa00000,0x000000078aa00000,0x000000078aa80000)
  to   space 512K, 0% used [0x000000078a980000,0x000000078a980000,0x000000078aa00000)
 ParOldGen       total 175104K, used 6225K [0x00000006c0c00000, 0x00000006cb700000, 0x000000076af00000)
  object space 175104K, 3% used [0x00000006c0c00000,0x00000006c12147e8,0x00000006cb700000)
 Metaspace       used 14227K, capacity 14721K, committed 14848K, reserved 1062912K
  class space    used 1341K, capacity 1475K, committed 1536K, reserved 1048576K
}
Event: 3.347 GC heap before
{Heap before GC invocations=153 (full 72):
 PSYoungGen      total 518656K, used 10334K [0x000000076af00000, 0x000000078aa80000, 0x00000007c0000000)
  eden space 518144K, 1% used [0x000000076af00000,0x000000076b9179e0,0x000000078a900000)
  from space 512K, 0% used [0x000000078aa00000,0x000000078aa00000,0x000000078aa80000)
  to   space 512K, 0% used [0x000000078a980000,0x000000078a980000,0x000000078aa00000)
 ParOldGen       total 175104K, used 6225K [0x00000006c0c00000, 0x00000006cb700000, 0x000000076af00000)
  object space 175104K, 3% used [0x00000006c0c00000,0x00000006c12147e8,0x00000006cb700000)
 Metaspace       used 14227K, capacity 14721K, committed 14848K, reserved 1062912K
  class space    used 1341K, capacity 1475K, committed 1536K, reserved 1048576K
Event: 3.347 GC heap after
Heap after GC invocations=153 (full 72):
 PSYoungGen      total 518656K, used 0K [0x000000076af00000, 0x000000078aa80000, 0x00000007c0000000)
  eden space 518144K, 0% used [0x000000076af00000,0x000000076af00000,0x000000078a900000)
  from space 512K, 0% used [0x000000078a980000,0x000000078a980000,0x000000078aa00000)
  to   space 512K, 0% used [0x000000078aa00000,0x000000078aa00000,0x000000078aa80000)
 ParOldGen       total 175104K, used 6225K [0x00000006c0c00000, 0x00000006cb700000, 0x000000076af00000)
  object space 175104K, 3% used [0x00000006c0c00000,0x00000006c12147e8,0x00000006cb700000)
 Metaspace       used 14227K, capacity 14721K, committed 14848K, reserved 1062912K
  class space    used 1341K, capacity 1475K, committed 1536K, reserved 1048576K
}
Event: 3.347 GC heap before
{Heap before GC invocations=154 (full 73):
 PSYoungGen      total 518656K, used 0K [0x000000076af00000, 0x000000078aa80000, 0x00000007c0000000)
  eden space 518144K, 0% used [0x000000076af00000,0x000000076af00000,0x000000078a900000)
  from space 512K, 0% used [0x000000078a980000,0x000000078a980000,0x000000078aa00000)
  to   space 512K, 0% used [0x000000078aa00000,0x000000078aa00000,0x000000078aa80000)
 ParOldGen       total 175104K, used 6225K [0x00000006c0c00000, 0x00000006cb700000, 0x000000076af00000)
  object space 175104K, 3% used [0x00000006c0c00000,0x00000006c12147e8,0x00000006cb700000)
 Metaspace       used 14227K, capacity 14721K, committed 14848K, reserved 1062912K
  class space    used 1341K, capacity 1475K, committed 1536K, reserved 1048576K
Event: 3.355 GC heap after
Heap after GC invocations=154 (full 73):
 PSYoungGen      total 518656K, used 0K [0x000000076af00000, 0x000000078aa80000, 0x00000007c0000000)
  eden space 518144K, 0% used [0x000000076af00000,0x000000076af00000,0x000000078a900000)
  from space 512K, 0% used [0x000000078a980000,0x000000078a980000,0x000000078aa00000)
  to   space 512K, 0% used [0x000000078aa00000,0x000000078aa00000,0x000000078aa80000)
 ParOldGen       total 175104K, used 6225K [0x00000006c0c00000, 0x00000006cb700000, 0x000000076af00000)
  object space 175104K, 3% used [0x00000006c0c00000,0x00000006c12147e8,0x00000006cb700000)
 Metaspace       used 14227K, capacity 14721K, committed 14848K, reserved 1062912K
  class space    used 1341K, capacity 1475K, committed 1536K, reserved 1048576K
}

Deoptimization events (10 events):
Event: 2.128 Thread 0x0000000002649000 Uncommon trap: reason=unstable_if action=reinterpret pc=0x0000000002d46e94 method=java.util.HashMap$EntrySpliterator.forEachRemaining(Ljava/util/function/Consumer;)V @ 161
Event: 2.128 Thread 0x0000000002649000 Uncommon trap: reason=class_check action=maybe_recompile pc=0x0000000002d46494 method=java.util.stream.ReferencePipeline$2$1.accept(Ljava/lang/Object;)V @ 21
Event: 2.136 Thread 0x0000000002649000 Uncommon trap: reason=bimorphic action=maybe_recompile pc=0x0000000002d53a24 method=java.util.stream.ReferencePipeline$2$1.accept(Ljava/lang/Object;)V @ 8
Event: 2.136 Thread 0x0000000002649000 Uncommon trap: reason=bimorphic action=maybe_recompile pc=0x0000000002d53a24 method=java.util.stream.ReferencePipeline$2$1.accept(Ljava/lang/Object;)V @ 8
Event: 2.136 Thread 0x0000000002649000 Uncommon trap: reason=bimorphic action=maybe_recompile pc=0x0000000002d53a24 method=java.util.stream.ReferencePipeline$2$1.accept(Ljava/lang/Object;)V @ 8
Event: 2.136 Thread 0x0000000002649000 Uncommon trap: reason=bimorphic action=maybe_recompile pc=0x0000000002d53a24 method=java.util.stream.ReferencePipeline$2$1.accept(Ljava/lang/Object;)V @ 8
Event: 2.159 Thread 0x0000000002649000 Uncommon trap: reason=unstable_if action=reinterpret pc=0x0000000002cfae84 method=java.util.HashMap.hash(Ljava/lang/Object;)I @ 1
Event: 2.164 Thread 0x0000000002649000 Uncommon trap: reason=unstable_if action=reinterpret pc=0x0000000002d44ba8 method=java.util.HashMap.hash(Ljava/lang/Object;)I @ 1
Event: 2.238 Thread 0x0000000002649000 Uncommon trap: reason=null_check action=make_not_entrant pc=0x0000000002d6fae8 method=java.util.HashMap$TreeNode.split(Ljava/util/HashMap;[Ljava/util/HashMap$Node;II)V @ 35
Event: 3.360 Thread 0x0000000002649000 Uncommon trap: reason=unstable_if action=reinterpret pc=0x0000000002db8778 method=renderEngine.BuildingRenderer.lambda$render$0(Lterrains/Terrain;Ljava/util/Map;Lutil/math/Vector2f;Litems/Item;)V @ 105

Classes redefined (0 events):
No events

Internal exceptions (10 events):
Event: 0.922 Thread 0x0000000002649000 Exception <a 'sun/nio/fs/WindowsException'> (0x000000076ca5a770) thrown at [C:\re\workspace\8-2-build-windows-amd64-cygwin\jdk8u171\10807\hotspot\src\share\vm\prims\jni.cpp, line 709]
Event: 0.964 Thread 0x0000000002649000 Exception <a 'java/io/FileNotFoundException'> (0x000000076cccbf80) thrown at [C:\re\workspace\8-2-build-windows-amd64-cygwin\jdk8u171\10807\hotspot\src\share\vm\prims\jni.cpp, line 709]
Event: 1.029 Thread 0x0000000002649000 Exception <a 'java/io/FileNotFoundException'> (0x000000076d4fefd8) thrown at [C:\re\workspace\8-2-build-windows-amd64-cygwin\jdk8u171\10807\hotspot\src\share\vm\prims\jni.cpp, line 709]
Event: 1.849 Thread 0x0000000002649000 Exception <a 'java/lang/ArrayIndexOutOfBoundsException': 18> (0x0000000774162d50) thrown at [C:\re\workspace\8-2-build-windows-amd64-cygwin\jdk8u171\10807\hotspot\src\share\vm\interpreter\interpreterRuntime.cpp, line 366]
Event: 1.849 Thread 0x0000000002649000 Exception <a 'java/lang/ArrayIndexOutOfBoundsException': 140> (0x0000000774164d68) thrown at [C:\re\workspace\8-2-build-windows-amd64-cygwin\jdk8u171\10807\hotspot\src\share\vm\interpreter\interpreterRuntime.cpp, line 366]
Event: 1.849 Thread 0x0000000002649000 Exception <a 'java/lang/ArrayIndexOutOfBoundsException'> (0x0000000774168e80) thrown at [C:\re\workspace\8-2-build-windows-amd64-cygwin\jdk8u171\10807\hotspot\src\share\vm\runtime\sharedRuntime.cpp, line 605]
Event: 2.126 Thread 0x0000000002649000 Exception <a 'java/lang/NoSuchMethodError': java.lang.Object.lambda$comparingInt$7b0bb60$1(Ljava/util/function/ToIntFunction;Ljava/lang/Object;Ljava/lang/Object;)I> (0x00000007749ab9f8) thrown at [C:\re\workspace\8-2-build-windows-amd64-cygwin\jdk8u171\10
Event: 2.159 Thread 0x0000000002649000 Implicit null exception at 0x0000000002cfa69b to 0x0000000002cfae69
Event: 2.164 Thread 0x0000000002649000 Implicit null exception at 0x0000000002d44b2f to 0x0000000002d44b99
Event: 2.238 Thread 0x0000000002649000 Implicit null exception at 0x0000000002d6f720 to 0x0000000002d6fa9d

Events (10 events):
Event: 3.358 loading class guis/transitions/Transition done
Event: 3.359 loading class guis/GuiComponent
Event: 3.359 loading class guis/GuiComponent done
Event: 3.359 loading class guis/transitions/Transition
Event: 3.359 loading class guis/transitions/Transition done
Event: 3.360 Thread 0x0000000002649000 Uncommon trap: trap_request=0xffffff65 fr.pc=0x0000000002db8778
Event: 3.360 Thread 0x0000000002649000 DEOPT PACKING pc=0x0000000002db8778 sp=0x000000000261f2b0
Event: 3.360 Thread 0x0000000002649000 DEOPT UNPACKING pc=0x00000000028f583b sp=0x000000000261f1d8 mode 2
Event: 3.361 loading class org/lwjgl/opengl/GL$ICDStatic$WriteOnce
Event: 3.361 loading class org/lwjgl/opengl/GL$ICDStatic$WriteOnce done


Dynamic libraries:
0x00007ff746990000 - 0x00007ff7469c7000 	E:\Program Files\Java\jdk1.8.0_171\bin\java.exe
0x00007ff809950000 - 0x00007ff809b46000 	C:\WINDOWS\SYSTEM32\ntdll.dll
0x00007ff808110000 - 0x00007ff8081cd000 	C:\WINDOWS\System32\KERNEL32.DLL
0x00007ff807120000 - 0x00007ff8073e8000 	C:\WINDOWS\System32\KERNELBASE.dll
0x00007ff808060000 - 0x00007ff80810a000 	C:\WINDOWS\System32\ADVAPI32.dll
0x00007ff808930000 - 0x00007ff8089ce000 	C:\WINDOWS\System32\msvcrt.dll
0x00007ff807b50000 - 0x00007ff807beb000 	C:\WINDOWS\System32\sechost.dll
0x00007ff807a20000 - 0x00007ff807b44000 	C:\WINDOWS\System32\RPCRT4.dll
0x00007ff808280000 - 0x00007ff808420000 	C:\WINDOWS\System32\USER32.dll
0x00007ff8070a0000 - 0x00007ff8070c2000 	C:\WINDOWS\System32\win32u.dll
0x00007ff809860000 - 0x00007ff80988a000 	C:\WINDOWS\System32\GDI32.dll
0x00007ff807750000 - 0x00007ff807859000 	C:\WINDOWS\System32\gdi32full.dll
0x00007ff8073f0000 - 0x00007ff80748d000 	C:\WINDOWS\System32\msvcp_win.dll
0x00007ff8075c0000 - 0x00007ff8076c0000 	C:\WINDOWS\System32\ucrtbase.dll
0x00007fffea190000 - 0x00007fffea42b000 	C:\WINDOWS\WinSxS\amd64_microsoft.windows.common-controls_6595b64144ccf1df_6.0.19041.488_none_ca04af081b815d21\COMCTL32.dll
0x00007ff808530000 - 0x00007ff808560000 	C:\WINDOWS\System32\IMM32.DLL
0x00007ff808f70000 - 0x00007ff8096b0000 	C:\WINDOWS\System32\SHELL32.dll
0x00007ff808ac0000 - 0x00007ff808e15000 	C:\WINDOWS\System32\combase.dll
0x00007ff8084d0000 - 0x00007ff808525000 	C:\WINDOWS\System32\SHLWAPI.dll
0x00007ff805ea0000 - 0x00007ff805ed3000 	C:\WINDOWS\SYSTEM32\ntmarta.dll
0x00007ff806f50000 - 0x00007ff806f8c000 	C:\WINDOWS\SYSTEM32\SspiCli.dll
0x00007ff805210000 - 0x00007ff8059a4000 	C:\WINDOWS\SYSTEM32\windows.storage.dll
0x00007ff806b10000 - 0x00007ff806b3c000 	C:\WINDOWS\SYSTEM32\Wldp.dll
0x00007ff8081d0000 - 0x00007ff80827e000 	C:\WINDOWS\System32\SHCORE.dll
0x000000005b230000 - 0x000000005b302000 	E:\Program Files\Java\jdk1.8.0_171\jre\bin\msvcr100.dll
0x000000005a730000 - 0x000000005afd0000 	E:\Program Files\Java\jdk1.8.0_171\jre\bin\server\jvm.dll
0x00007ff808710000 - 0x00007ff808718000 	C:\WINDOWS\System32\PSAPI.DLL
0x00007ffffa2a0000 - 0x00007ffffa2a9000 	C:\WINDOWS\SYSTEM32\WSOCK32.dll
0x00007ff8086a0000 - 0x00007ff80870b000 	C:\WINDOWS\System32\WS2_32.dll
0x00007ffff6770000 - 0x00007ffff6797000 	C:\WINDOWS\SYSTEM32\WINMM.dll
0x00007ff801a50000 - 0x00007ff801a5a000 	C:\WINDOWS\SYSTEM32\VERSION.dll
0x000000005b220000 - 0x000000005b22f000 	E:\Program Files\Java\jdk1.8.0_171\jre\bin\verify.dll
0x000000005b1f0000 - 0x000000005b219000 	E:\Program Files\Java\jdk1.8.0_171\jre\bin\java.dll
0x000000005b1a0000 - 0x000000005b1c3000 	E:\Program Files\Java\jdk1.8.0_171\jre\bin\instrument.dll
0x000000005b1d0000 - 0x000000005b1e6000 	E:\Program Files\Java\jdk1.8.0_171\jre\bin\zip.dll
0x00007ff806fd0000 - 0x00007ff806ff6000 	C:\WINDOWS\SYSTEM32\profapi.dll
0x00007ff801f20000 - 0x00007ff801f3a000 	D:\Programmes\JetBrains\IntelliJ IDEA 2020.2.3\bin\breakgen64.dll
0x000000005a710000 - 0x000000005a72a000 	E:\Program Files\Java\jdk1.8.0_171\jre\bin\net.dll
0x00007ff806890000 - 0x00007ff8068fa000 	C:\WINDOWS\system32\mswsock.dll
0x000000005a6f0000 - 0x000000005a701000 	E:\Program Files\Java\jdk1.8.0_171\jre\bin\nio.dll
0x00007ffffdd20000 - 0x00007ffffdd84000 	C:\Users\Sacha\AppData\Local\Temp\lwjglSacha\3.2.3-build-13\lwjgl.dll
0x00007ffff50e0000 - 0x00007ffff5142000 	C:\Users\Sacha\AppData\Local\Temp\lwjglSacha\3.2.3-build-13\glfw.dll
0x00007ff804b50000 - 0x00007ff804bef000 	C:\WINDOWS\system32\uxtheme.dll
0x00007ffff5090000 - 0x00007ffff50d5000 	C:\WINDOWS\SYSTEM32\dinput8.dll
0x00007fffffb70000 - 0x00007fffffb81000 	C:\WINDOWS\SYSTEM32\xinput1_4.dll
0x00007ff8070d0000 - 0x00007ff80711e000 	C:\WINDOWS\System32\cfgmgr32.dll
0x00007ff806cb0000 - 0x00007ff806cdc000 	C:\WINDOWS\SYSTEM32\DEVOBJ.dll
0x00007ff804e30000 - 0x00007ff804e5f000 	C:\WINDOWS\SYSTEM32\dwmapi.dll
0x00007ffff1c20000 - 0x00007ffff1d72000 	C:\WINDOWS\SYSTEM32\inputhost.dll
0x00007ff8089d0000 - 0x00007ff808a9d000 	C:\WINDOWS\System32\OLEAUT32.dll
0x00007ff802430000 - 0x00007ff802527000 	C:\WINDOWS\SYSTEM32\PROPSYS.dll
0x00007ff804750000 - 0x00007ff804842000 	C:\WINDOWS\SYSTEM32\CoreMessaging.dll
0x00007ff803d20000 - 0x00007ff803e76000 	C:\WINDOWS\SYSTEM32\wintypes.dll
0x00007ff807490000 - 0x00007ff80750f000 	C:\WINDOWS\System32\bcryptPrimitives.dll
0x00007ff8043f0000 - 0x00007ff80474e000 	C:\WINDOWS\SYSTEM32\CoreUIComponents.dll
0x00007ff805010000 - 0x00007ff805022000 	C:\WINDOWS\SYSTEM32\kernel.appcore.dll
0x00007ff808810000 - 0x00007ff808925000 	C:\WINDOWS\System32\MSCTF.dll
0x00007ff8059b0000 - 0x00007ff8059bd000 	C:\WINDOWS\SYSTEM32\HID.DLL
0x00007ff807bf0000 - 0x00007ff808057000 	C:\WINDOWS\System32\SETUPAPI.DLL
0x00007ff807720000 - 0x00007ff807747000 	C:\WINDOWS\System32\bcrypt.dll
0x00007ff8076c0000 - 0x00007ff807720000 	C:\WINDOWS\System32\WINTRUST.dll
0x00007ff807860000 - 0x00007ff8079bd000 	C:\WINDOWS\System32\CRYPT32.dll
0x00007ff806c90000 - 0x00007ff806ca2000 	C:\WINDOWS\SYSTEM32\MSASN1.dll
0x00007fffc4e60000 - 0x00007fffc50b3000 	C:\Users\Sacha\AppData\Local\Temp\lwjglSacha\3.2.3-build-13\jemalloc.dll
0x00007fffe7b60000 - 0x00007fffe7c85000 	C:\WINDOWS\SYSTEM32\opengl32.dll
0x00007ffffdde0000 - 0x00007ffffde0c000 	C:\WINDOWS\SYSTEM32\GLU32.dll
0x00007ff808420000 - 0x00007ff8084c9000 	C:\WINDOWS\System32\clbcatq.dll
0x00007fff928d0000 - 0x00007fff95268000 	C:\WINDOWS\System32\DriverStore\FileRepository\nv_dispi.inf_amd64_7c6629f3404619ed\nvoglv64.dll
0x00007ff808560000 - 0x00007ff80868a000 	C:\WINDOWS\System32\ole32.dll
0x00007ff8025d0000 - 0x00007ff8025e4000 	C:\WINDOWS\SYSTEM32\WTSAPI32.dll
0x00007ffff1710000 - 0x00007ffff174b000 	C:\WINDOWS\SYSTEM32\dxcore.dll
0x00007fffc6600000 - 0x00007fffc68ae000 	C:\WINDOWS\system32\nvspcap64.dll
0x00007ff806650000 - 0x00007ff80669b000 	C:\WINDOWS\SYSTEM32\powrprof.dll
0x00007ff806510000 - 0x00007ff806522000 	C:\WINDOWS\SYSTEM32\UMPDC.dll
0x00007ff806050000 - 0x00007ff8060aa000 	C:\WINDOWS\SYSTEM32\WINSTA.dll
0x00007ffff1d80000 - 0x00007ffff1e7c000 	C:\WINDOWS\SYSTEM32\textinputframework.dll
0x00007ffff18f0000 - 0x00007ffff199e000 	C:\WINDOWS\SYSTEM32\mscms.dll
0x00007ff806f90000 - 0x00007ff806fbe000 	C:\WINDOWS\SYSTEM32\USERENV.dll
0x00007ffff18d0000 - 0x00007ffff18e1000 	C:\WINDOWS\SYSTEM32\ColorAdapterClient.dll
0x00007fffdd130000 - 0x00007fffdd173000 	C:\WINDOWS\SYSTEM32\icm32.dll
0x00007fffdb820000 - 0x00007fffdb879000 	C:\Users\Sacha\AppData\Local\Temp\lwjglSacha\3.2.3-build-13\lwjgl_opengl.dll
0x00007fffc5590000 - 0x00007fffc5607000 	C:\Users\Sacha\AppData\Local\Temp\lwjglSacha\3.2.3-build-13\lwjgl_stb.dll
0x000000005a430000 - 0x000000005a5c8000 	E:\Program Files\Java\jdk1.8.0_171\jre\bin\awt.dll
0x00007ff8049c0000 - 0x00007ff804a50000 	C:\WINDOWS\SYSTEM32\apphelp.dll
0x00007ff801050000 - 0x00007ff801234000 	C:\WINDOWS\SYSTEM32\dbghelp.dll

VM Arguments:
jvm_args: -Djava.library.path=D:\Utilisateurs\Alykas\Documents\IntelliJ\Tests2 OpenGL\lib\natives -javaagent:D:\Programmes\JetBrains\IntelliJ IDEA 2020.2.3\lib\idea_rt.jar=58943:D:\Programmes\JetBrains\IntelliJ IDEA 2020.2.3\bin -Dfile.encoding=UTF-8 
java_command: engineTester.MainGameLoop
java_class_path (initial): E:\Program Files\Java\jdk1.8.0_171\jre\lib\charsets.jar;E:\Program Files\Java\jdk1.8.0_171\jre\lib\deploy.jar;E:\Program Files\Java\jdk1.8.0_171\jre\lib\ext\access-bridge-64.jar;E:\Program Files\Java\jdk1.8.0_171\jre\lib\ext\cldrdata.jar;E:\Program Files\Java\jdk1.8.0_171\jre\lib\ext\dnsns.jar;E:\Program Files\Java\jdk1.8.0_171\jre\lib\ext\jaccess.jar;E:\Program Files\Java\jdk1.8.0_171\jre\lib\ext\jfxrt.jar;E:\Program Files\Java\jdk1.8.0_171\jre\lib\ext\localedata.jar;E:\Program Files\Java\jdk1.8.0_171\jre\lib\ext\nashorn.jar;E:\Program Files\Java\jdk1.8.0_171\jre\lib\ext\sunec.jar;E:\Program Files\Java\jdk1.8.0_171\jre\lib\ext\sunjce_provider.jar;E:\Program Files\Java\jdk1.8.0_171\jre\lib\ext\sunmscapi.jar;E:\Program Files\Java\jdk1.8.0_171\jre\lib\ext\sunpkcs11.jar;E:\Program Files\Java\jdk1.8.0_171\jre\lib\ext\zipfs.jar;E:\Program Files\Java\jdk1.8.0_171\jre\lib\javaws.jar;E:\Program Files\Java\jdk1.8.0_171\jre\lib\jce.jar;E:\Program Files\Java\jdk1.8.0_171\jre\lib\jfr.jar;E:\Program Files\Java\jdk1.8.0_171\jre\lib\jfxswt.jar;E:\Program Files\Java\jdk1.8.0_171\jre\lib\jsse.jar;E:\Program Files\Java\jdk1.8.0_171\jre\lib\management-agent.jar;E:\Program Files\Java\jdk1.8.0_171\jre\lib\plugin.jar;E:\Program Files\Java\jdk1.8.0_171\jre\lib\resources.jar;E:\Program Files\Java\jdk1.8.0_171\jre\lib\rt.jar;D:\Utilisateurs\Alykas\Documents\IntelliJ\Tests2 OpenGL\out\production\Tests2 OpenGL;D:\Utilisateurs\Alykas\Documents\IntelliJ\Tests2 OpenGL\lib\jars\ibxm.jar;D:\Utilisateurs\Alykas\Documents\IntelliJ\Tests2 OpenGL\lib\jars\lwjgl.jar;D:\Utilisateurs\Alykas\Documents\IntelliJ\Tests2 OpenGL\lib\jars\disruptor.jar;D:\Utilisateurs\Alykas\Documents\IntelliJ\Tests2 OpenGL\lib\jars\lwjgl-egl.jar;D:\Utilisateurs\Alykas\Documents\IntelliJ\Tests2 OpenGL\lib\jars\lwjgl-lz4.jar;D:\Utilisateurs\Alykas\Documents\IntelliJ\Tests2 OpenGL\lib\jars\lwjgl-nfd.jar;D:\Utilisateurs\Alykas\Documents\IntelliJ\Tests2 OpenGL\lib\jars\lwjgl-ovr.jar;D:\Utilisateurs\Alyk
Launcher Type: SUN_STANDARD

Environment Variables:
PATH=C:\ProgramData\Miniconda3;C:\ProgramData\Miniconda3\Library\mingw-w64\bin;C:\ProgramData\Miniconda3\Library\usr\bin;C:\ProgramData\Miniconda3\Library\bin;C:\ProgramData\Miniconda3\Scripts;C:\ProgramData\Oracle\Java\javapath;C:\Windows\system32;C:\Windows;C:\Windows\System32\Wbem;C:\Windows\System32\WindowsPowerShell\v1.0\;C:\Windows\System32\OpenSSH\;C:\Program Files (x86)\NVIDIA Corporation\PhysX\Common;C:\Program Files\NVIDIA Corporation\NVIDIA NvDLISR;C:\Program Files\Git\cmd;C:\PHP;C:\Composer;C:\WINDOWS\system32;C:\WINDOWS;C:\WINDOWS\System32\Wbem;C:\WINDOWS\System32\WindowsPowerShell\v1.0\;C:\WINDOWS\System32\OpenSSH\;C:\Program Files\dotnet\;C:\Program Files (x86)\Windows Kits\10\Windows Performance Toolkit\;C:\Program Files (x86)\Windows Kits\10\Microsoft Application Virtualization\Sequencer\;C:\Users\Sacha\AppData\Local\Microsoft\WindowsApps;C:\Users\Sacha\AppData\Roaming\Dashlane\6.2015.0.34173\bin\Firefox_Extension\{442718d9-475e-452a-b3e1-fb1ee16b8e9f}\components;C:\Users\Sacha\AppData\Roaming\Dashlane\6.2015.0.34173\ucrt;C:\Users\Sacha\AppData\Roaming\Dashlane\6.2015.0.34173\bin\Qt;C:\Users\Sacha\AppData\Roaming\Dashlane\6.2015.0.34173\ucrt;C:\Users\Sacha\AppData\Roaming\Dashlane\6.2015.0.34173\bin\Ssl;
USERNAME=Sacha
OS=Windows_NT
PROCESSOR_IDENTIFIER=Intel64 Family 6 Model 158 Stepping 10, GenuineIntel



---------------  S Y S T E M  ---------------

OS: Windows 10.0 , 64 bit Build 19041 (10.0.19041.546)

CPU:total 6 (initial active 6) (6 cores per cpu, 1 threads per core) family 6 model 158 stepping 10, cmov, cx8, fxsr, mmx, sse, sse2, sse3, ssse3, sse4.1, sse4.2, popcnt, avx, avx2, aes, clmul, erms, rtm, 3dnowpref, lzcnt, tsc, tscinvbit, bmi1, bmi2, adx

Memory: 4k page, physical 16721832k(5734924k free), swap 22728660k(2682496k free)

vm_info: Java HotSpot(TM) 64-Bit Server VM (25.171-b11) for windows-amd64 JRE (1.8.0_171-b11), built on Mar 28 2018 16:06:12 by "java_re" with MS VC++ 10.0 (VS2010)

time: Wed Oct 21 18:20:23 2020
elapsed time: 3 seconds (0d 0h 0m 3s)

